\BOOKMARK [0][]{ctitle.0}{\376\377\127\372\116\216\123\357\220\006\171\136\176\317\177\121\176\334\166\204\145\340\217\175\117\123\126\376\120\317\226\220\121\231\145\271\154\325}{}% 1
\BOOKMARK [0][]{etitle.0}{\376\377\000M\000u\000l\000t\000i\000\040\000T\000i\000m\000e\000\040\000S\000e\000r\000i\000e\000s\000\040\000A\000n\000o\000m\000a\000l\000y\000\040\000D\000e\000t\000e\000c\000t\000i\000o\000n\000\040\000M\000o\000d\000e\000l\000\040\000i\000n\000\040\000M\000i\000s\000s\000i\000n\000g\000\040\000V\000a\000l\000u\000e\000\040\000S\000c\000e\000n\000a\000r\000i\000o}{}% 2
\BOOKMARK [0][]{section*.3}{\376\377\144\130\000\040\211\201}{}% 3
\BOOKMARK [0][]{section*.5}{\376\377\000A\000b\000s\000t\000r\000a\000c\000t}{}% 4
\BOOKMARK [0][]{ccontent.0}{\376\377\166\356\000\040\137\125}{}% 5
\BOOKMARK [0][]{chapter.1}{\376\377\173\054\0001\172\340\000\040\176\352\213\272}{}% 6
\BOOKMARK [1][-]{section.1.1}{\376\377\0001\000.\0001\000\040\213\376\230\230\170\024\172\166\166\204\200\314\146\157\124\214\141\017\116\111}{chapter.1}% 7
\BOOKMARK [1][-]{section.1.2}{\376\377\0001\000.\0002\000\040\126\375\121\205\131\026\170\024\172\166\163\260\162\266}{chapter.1}% 8
\BOOKMARK [2][-]{subsection.1.2.1}{\376\377\0001\000.\0002\000.\0001\000\040\131\032\121\103\145\366\225\364\136\217\122\027\137\002\136\070\150\300\155\113\166\204\176\317\121\170\145\271\154\325}{section.1.2}% 9
\BOOKMARK [2][-]{subsection.1.2.2}{\376\377\0001\000.\0002\000.\0002\000\040\131\032\121\103\145\366\225\364\136\217\122\027\137\002\136\070\150\300\155\113\166\204\155\361\136\246\133\146\116\140\145\271\154\325}{section.1.2}% 10
\BOOKMARK [1][-]{section.1.3}{\376\377\0001\000.\0003\000\040\147\054\145\207\166\204\116\073\211\201\170\024\172\166\121\205\133\271}{chapter.1}% 11
\BOOKMARK [1][-]{section.1.4}{\376\377\0001\000.\0004\000\040\213\272\145\207\116\073\211\201\176\323\147\204\116\016\133\211\143\222}{chapter.1}% 12
\BOOKMARK [0][]{chapter.2}{\376\377\173\054\0002\172\340\000\040\177\072\131\061\120\074\145\366\225\364\136\217\122\027\137\002\136\070\150\300\155\113\142\200\147\057\151\202\217\360}{}% 13
\BOOKMARK [1][-]{section.2.1}{\376\377\0002\000.\0001\000\040\137\025\212\000}{chapter.2}% 14
\BOOKMARK [1][-]{section.2.2}{\376\377\0002\000.\0002\000\040\145\366\136\217\145\160\143\156\166\204\137\002\136\070\174\173\127\213}{chapter.2}% 15
\BOOKMARK [1][-]{section.2.3}{\376\377\0002\000.\0003\000\040\145\366\225\364\136\217\122\027\166\370\121\163\134\136\140\047}{chapter.2}% 16
\BOOKMARK [1][-]{section.2.4}{\376\377\0002\000.\0004\000\040\154\350\141\017\122\233\147\072\122\066\166\370\121\163\142\200\147\057}{chapter.2}% 17
\BOOKMARK [1][-]{section.2.5}{\376\377\0002\000.\0005\000\040\150\007\121\306\123\026\155\101\166\370\121\163\142\200\147\057}{chapter.2}% 18
\BOOKMARK [1][-]{section.2.6}{\376\377\0002\000.\0006\000\040\147\054\172\340\134\017\176\323}{chapter.2}% 19
\BOOKMARK [0][]{chapter.3}{\376\377\173\054\0003\172\340\000\040\127\372\116\216\133\371\142\227\165\037\142\020\177\121\176\334\166\204\145\366\225\364\136\217\122\027\143\322\120\074\137\002\136\070\150\300\155\113}{}% 20
\BOOKMARK [1][-]{section.3.1}{\376\377\0003\000.\0001\000\040\137\025\212\000}{chapter.3}% 21
\BOOKMARK [1][-]{section.3.2}{\376\377\0003\000.\0002\000\040\127\372\116\216\133\371\142\227\165\037\142\020\177\121\176\334\166\204\145\366\225\364\136\217\122\027\143\322\120\074\137\002\136\070\150\300\155\113}{chapter.3}% 22
\BOOKMARK [2][-]{subsection.3.2.1}{\376\377\0003\000.\0002\000.\0001\000\040\227\142\124\021\177\072\131\061\120\074\145\366\225\364\136\217\122\027\166\204\143\322\120\074\225\350\143\247\123\125\121\103\152\041\127\127}{section.3.2}% 23
\BOOKMARK [2][-]{subsection.3.2.2}{\376\377\0003\000.\0002\000.\0002\000\040\165\037\142\020\126\150\152\041\127\127\124\214\122\044\122\053\126\150\152\041\127\127}{section.3.2}% 24
\BOOKMARK [2][-]{subsection.3.2.3}{\376\377\0003\000.\0002\000.\0003\000\040\152\041\127\213\213\255\176\303}{section.3.2}% 25
\BOOKMARK [1][-]{section.3.3}{\376\377\0003\000.\0003\000\040\133\236\232\214\176\323\147\234\116\016\122\006\147\220}{chapter.3}% 26
\BOOKMARK [2][-]{subsection.3.3.1}{\376\377\0003\000.\0003\000.\0001\000\040\133\236\232\214\145\160\143\156\226\306}{section.3.3}% 27
\BOOKMARK [2][-]{subsection.3.3.2}{\376\377\0003\000.\0003\000.\0002\000\040\133\236\232\214\213\276\177\156}{section.3.3}% 28
\BOOKMARK [2][-]{subsection.3.3.3}{\376\377\0003\000.\0003\000.\0003\000\040\152\041\127\213\127\372\176\277\213\364\146\016}{section.3.3}% 29
\BOOKMARK [2][-]{subsection.3.3.4}{\376\377\0003\000.\0003\000.\0004\000\040\140\047\200\375\133\371\153\324\123\312\122\006\147\220}{section.3.3}% 30
\BOOKMARK [1][-]{section.3.4}{\376\377\0003\000.\0004\000\040\147\054\172\340\134\017\202\202}{chapter.3}% 31
\BOOKMARK [0][]{chapter.4}{\376\377\173\054\0004\172\340\000\040\127\372\116\216\154\350\141\017\122\233\147\072\122\066\221\315\145\260\210\150\137\201\166\204\177\072\131\061\120\074\145\366\225\364\136\217\122\027\137\002\136\070\150\300\155\113}{}% 32
\BOOKMARK [1][-]{section.4.1}{\376\377\0004\000.\0001\000\040\137\025\212\000}{chapter.4}% 33
\BOOKMARK [1][-]{section.4.2}{\376\377\0004\000.\0002\000\040\127\372\116\216\154\350\141\017\122\233\147\072\122\066\221\315\145\260\210\150\137\201\166\204\177\072\131\061\120\074\145\366\225\364\136\217\122\027\137\002\136\070\150\300\155\113}{chapter.4}% 34
\BOOKMARK [2][-]{subsection.4.2.1}{\376\377\0004\000.\0002\000.\0001\000\040\145\366\225\364\117\115\177\156\177\026\170\001\152\041\127\127}{section.4.2}% 35
\BOOKMARK [2][-]{subsection.4.2.2}{\376\377\0004\000.\0002\000.\0002\000\040\143\251\170\001\154\350\141\017\122\233\210\150\137\201\152\041\127\127}{section.4.2}% 36
\BOOKMARK [2][-]{subsection.4.2.3}{\376\377\0004\000.\0002\000.\0003\000\040\150\007\121\306\123\026\122\006\136\003\123\330\143\142\152\041\127\127}{section.4.2}% 37
\BOOKMARK [2][-]{subsection.4.2.4}{\376\377\0004\000.\0002\000.\0004\000\040\213\255\176\303\217\307\172\013\123\312\137\002\136\070\122\006\145\160\213\276\177\156}{section.4.2}% 38
\BOOKMARK [1][-]{section.4.3}{\376\377\0004\000.\0003\000\040\133\236\232\214\176\323\147\234\123\312\122\006\147\220}{chapter.4}% 39
\BOOKMARK [2][-]{subsection.4.3.1}{\376\377\0004\000.\0003\000.\0001\000\040\133\236\232\214\145\160\143\156\226\306}{section.4.3}% 40
\BOOKMARK [2][-]{subsection.4.3.2}{\376\377\0004\000.\0003\000.\0002\000\040\133\236\232\214\213\276\177\156}{section.4.3}% 41
\BOOKMARK [2][-]{subsection.4.3.3}{\376\377\0004\000.\0003\000.\0003\000\040\127\372\176\277\152\041\127\213\213\364\146\016}{section.4.3}% 42
\BOOKMARK [2][-]{subsection.4.3.4}{\376\377\0004\000.\0003\000.\0004\000\040\140\073\117\123\140\047\200\375\133\371\153\324}{section.4.3}% 43
\BOOKMARK [1][-]{section.4.4}{\376\377\0004\000.\0004\000\040\147\054\172\340\134\017\202\202}{chapter.4}% 44
\BOOKMARK [0][]{section*.13}{\376\377\176\323\000\040\213\272}{}% 45
\BOOKMARK [0][]{section*.16}{\376\377\123\302\200\003\145\207\163\056}{}% 46
\BOOKMARK [0][]{section*.18}{\376\377\145\073\213\373\170\125\130\353\133\146\117\115\147\037\225\364\123\326\137\227\122\033\145\260\140\047\142\020\147\234}{}% 47
\BOOKMARK [0][]{section*.20}{\376\377\124\310\134\024\156\350\135\345\116\032\131\047\133\146\133\146\117\115\213\272\145\207\123\237\122\033\140\047\130\360\146\016\124\214\117\177\165\050\147\103\226\120}{}% 48
\BOOKMARK [0][]{section*.22}{\376\377\201\364\000\040\214\042}{}% 49
